<?xml version="1.0" encoding="UTF-8"?>
<!-- Generated by org.testng.reporters.JUnitReportReporter -->
<testsuite hostname="Tolexo" name="com.pooraa.merapooraa.module1" tests="2" failures="0" timestamp="18 Apr 2020 20:08:23 GMT" time="0.032" errors="0">
  <testcase name="test1" time="0.032" classname="com.pooraa.merapooraa.module1"/>
  <testcase name="test2" time="0.000" classname="com.pooraa.merapooraa.module1"/>
</testsuite> <!-- com.pooraa.merapooraa.module1 -->
