<?xml version="1.0" encoding="UTF-8"?>
<!-- Generated by org.testng.reporters.JUnitReportReporter -->
<testsuite hostname="Tolexo" name="com.pooraa.merapooraa.OrderPlace" tests="1" failures="0" timestamp="21 Apr 2020 16:06:33 GMT" time="5.735" errors="0">
  <testcase name="FillLoginPage" time="5.735" classname="com.pooraa.merapooraa.OrderPlace"/>
</testsuite> <!-- com.pooraa.merapooraa.OrderPlace -->
