<?xml version="1.0" encoding="UTF-8"?>
<!-- Generated by org.testng.reporters.JUnitReportReporter -->
<testsuite hostname="Tolexo" name="com.pooraa.merapooraa.module2" tests="1" failures="0" timestamp="16 Apr 2020 14:52:37 GMT" time="0.096" errors="0">
  <testcase name="test3" time="0.096" classname="com.pooraa.merapooraa.module2"/>
</testsuite> <!-- com.pooraa.merapooraa.module2 -->
